<?xml version="1.0" encoding="UTF-8"?>
<testng-results ignored="0" total="1" passed="1" failed="0" skipped="0">
  <reporter-output>
  </reporter-output>
  <suite started-at="2021-03-16T11:07:34Z" name="Default suite" finished-at="2021-03-16T11:09:32Z" duration-ms="117832">
    <groups>
    </groups>
    <test started-at="2021-03-16T11:07:34Z" name="Default test" finished-at="2021-03-16T11:09:32Z" duration-ms="117832">
      <class name="ShoppingProducts.AutomationTestingScripts">
        <test-method signature="openOnecognizantPortal()[pri:0, instance:ShoppingProducts.AutomationTestingScripts@389c4eb1]" started-at="2021-03-16T11:07:34Z" name="openOnecognizantPortal" finished-at="2021-03-16T11:09:32Z" duration-ms="117753" status="PASS">
          <reporter-output>
          </reporter-output>
        </test-method> <!-- openOnecognizantPortal -->
      </class> <!-- ShoppingProducts.AutomationTestingScripts -->
    </test> <!-- Default test -->
  </suite> <!-- Default suite -->
</testng-results>
